
=== Sun Dec 30 03:42:02 2018

Packages were changed.
Update Mode: updateDependencies

The following packages were added:
  com.unity.collab-proxy@1.2.11
The following packages were updated:
  com.unity.analytics from version 2.0.16 to 3.2.0
  com.unity.package-manager-ui from version 1.9.11 to 2.0.3

=== Wed Dec 11 13:11:02 2019

Packages were changed.
Update Mode: updateDependencies

The following packages were added:
  com.unity.2d.sprite@1.0.0
  com.unity.2d.tilemap@1.0.0
  com.unity.ide.rider@1.1.4
  com.unity.ide.visualstudio@2.0.0
  com.unity.ide.vscode@1.1.3
  com.unity.modules.androidjni@1.0.0
  com.unity.test-framework@1.1.5
  com.unity.timeline@1.2.3
  com.unity.ugui@1.0.0
  com.unity.xr.legacyinputhelpers@1.3.7
The following packages were updated:
  com.unity.analytics from version 3.2.0 to 3.3.2
  com.unity.burst from version 0.2.4-preview.37 to 1.1.1
  com.unity.collab-proxy from version 1.2.11 to 1.2.16
  com.unity.mathematics from version 0.0.12-preview.19 to 1.1.0
The following packages were removed:
  com.unity.package-manager-ui@2.0.3
